============================= test session starts =============================
platform win32 -- Python 3.11.9, pytest-9.0.2, pluggy-1.6.0 -- C:\TH_Works\SBA\.venv\Scripts\python.exe
cachedir: .pytest_cache
rootdir: C:\TH_Works\SBA
configfile: pytest.ini
plugins: anyio-4.13.0, asyncio-1.3.0, cov-7.1.0, mock-3.15.1
asyncio: mode=Mode.AUTO, debug=False, asyncio_default_fixture_loop_scope=None, asyncio_default_test_loop_scope=function
collecting ... collected 145 items

tests/integration/test_hot_swap.py::TestBrainManagerSave::test_save_success PASSED [  0%]
tests/integration/test_hot_swap.py::TestBrainManagerSave::test_save_returns_expected_keys PASSED [  1%]
tests/integration/test_hot_swap.py::TestBrainManagerSave::test_save_auto_increments_version_on_duplicate PASSED [  2%]
tests/integration/test_hot_swap.py::TestBrainManagerSave::test_save_no_temp_folders_remaining PASSED [  2%]
tests/integration/test_hot_swap.py::TestBrainManagerSave::test_save_with_description PASSED [  3%]
tests/integration/test_hot_swap.py::TestBrainManagerLoad::test_load_replaces_active_brain PASSED [  4%]
tests/integration/test_hot_swap.py::TestBrainManagerLoad::test_load_invalid_name_raises PASSED [  4%]
tests/integration/test_hot_swap.py::TestBrainManagerLoad::test_load_rollback_on_corrupted_brain PASSED [  5%]
tests/integration/test_hot_swap.py::TestBrainManagerLoad::test_load_updates_last_loaded_at PASSED [  6%]
tests/integration/test_hot_swap.py::TestBrainManagerLoad::test_load_fuzzy_match PASSED [  6%]
tests/integration/test_hot_swap.py::TestBrainManagerList::test_list_brains_returns_saved_brains PASSED [  7%]
tests/integration/test_hot_swap.py::TestBrainManagerList::test_list_brains_excludes_active_and_template PASSED [  8%]
tests/integration/test_hot_swap.py::TestBrainManagerList::test_list_brains_excludes_temp_folders PASSED [  8%]
tests/integration/test_hot_swap.py::TestBrainManagerList::test_list_brains_names_returns_strings PASSED [  9%]
tests/integration/test_hot_swap.py::TestBrainManagerList::test_format_brain_list_table_contains_header PASSED [ 10%]
tests/integration/test_hot_swap.py::TestBrainManagerStatus::test_get_active_brain_returns_correct_domain PASSED [ 11%]
tests/integration/test_hot_swap.py::TestBrainManagerStatus::test_get_active_brain_has_brain_id PASSED [ 11%]
tests/integration/test_hot_swap.py::TestBrainManagerInit::test_init_raises_on_missing_bank PASSED [ 12%]
tests/integration/test_hot_swap.py::TestBrainManagerInit::test_init_raises_on_missing_active PASSED [ 13%]
tests/integration/test_hot_swap.py::TestBrainManagerThreadSafety::test_concurrent_save_does_not_corrupt PASSED [ 13%]
tests/integration/test_learning_cycle.py::TestFullLearningCycle::test_single_learning_cycle_with_mocks PASSED [ 14%]
tests/integration/test_learning_cycle.py::TestFullLearningCycle::test_cycle_logs_structure PASSED [ 15%]
tests/integration/test_learning_cycle.py::TestFullLearningCycle::test_cycle_error_recovery PASSED [ 15%]
tests/integration/test_learning_cycle.py::TestFullLearningCycle::test_knowledge_update_flow PASSED [ 16%]
tests/integration/test_rate_limiter.py::TestAPIRateLimiter::test_rate_limiter_initialization PASSED [ 17%]
tests/integration/test_rate_limiter.py::TestAPIRateLimiter::test_gemini_api_within_limits PASSED [ 17%]
tests/integration/test_rate_limiter.py::TestAPIRateLimiter::test_gemini_api_warning_threshold PASSED [ 18%]
tests/integration/test_rate_limiter.py::TestAPIRateLimiter::test_gemini_api_throttle_threshold PASSED [ 19%]
tests/integration/test_rate_limiter.py::TestAPIRateLimiter::test_gemini_api_auto_stop PASSED [ 20%]
tests/integration/test_rate_limiter.py::TestAPIRateLimiter::test_youtube_api_tracking PASSED [ 20%]
tests/integration/test_rate_limiter.py::TestAPIRateLimiter::test_api_resume_after_stop PASSED [ 21%]
tests/integration/test_rate_limiter.py::TestAPIRateLimiter::test_status_report PASSED [ 22%]
tests/integration/test_rate_limiter.py::TestAPIUsageRepository::test_usage_increment PASSED [ 22%]
tests/integration/test_rate_limiter.py::TestAPIUsageRepository::test_multiple_increments PASSED [ 23%]
tests/integration/test_rate_limiter.py::TestAPIUsageRepository::test_api_stops_management PASSED [ 24%]
tests/integration/test_rate_limiter.py::TestAPIUsageRepository::test_daily_counter_isolation PASSED [ 24%]
tests/integration/test_rate_limiter.py::TestRateLimitCycleIntegration::test_daily_reset_cycle PASSED [ 25%]
tests/integration/test_rate_limiter.py::TestRateLimitCycleIntegration::test_multiple_api_tracking PASSED [ 26%]
tests/integration/test_stability.py::test_scheduler_runs_repeating_jobs_and_stops_cleanly PASSED [ 26%]
tests/integration/test_stability.py::test_scheduler_registers_public_jobs PASSED [ 27%]
tests/test_blank_template.py::TestBlankTemplateClone::test_clone_creates_directory PASSED [ 28%]
tests/test_blank_template.py::TestBlankTemplateClone::test_clone_metadata_domain_set PASSED [ 28%]
tests/test_blank_template.py::TestBlankTemplateClone::test_clone_metadata_version_set PASSED [ 29%]
tests/test_blank_template.py::TestBlankTemplateClone::test_clone_brain_id_generated PASSED [ 30%]
tests/test_blank_template.py::TestBlankTemplateClone::test_clone_existing_target_raises PASSED [ 31%]
tests/test_blank_template.py::TestBlankTemplateClone::test_template_readonly_after_clone PASSED [ 31%]
tests/test_brain_manager.py::TestBrainManagerList::test_list_brains_names_returns_saved PASSED [ 32%]
tests/test_brain_manager.py::TestBrainManagerList::test_list_excludes_active PASSED [ 33%]
tests/test_brain_manager.py::TestBrainManagerList::test_format_brain_list_table_returns_str PASSED [ 33%]
tests/test_brain_manager.py::TestBrainManagerLoad::test_load_existing_brain PASSED [ 34%]
tests/test_brain_manager.py::TestBrainManagerLoad::test_load_nonexistent_raises PASSED [ 35%]
tests/test_brain_manager.py::TestBrainManagerLoad::test_load_updates_active PASSED [ 35%]
tests/test_brain_manager.py::TestBrainManagerFuzzyFind::test_fuzzy_find_partial_name PASSED [ 36%]
tests/test_brain_manager.py::TestBrainManagerFuzzyFind::test_fuzzy_find_no_match_returns_empty PASSED [ 37%]
tests/test_brain_package.py::TestBrainPackageLoad::test_load_valid_brain PASSED [ 37%]
tests/test_brain_package.py::TestBrainPackageLoad::test_metadata_domain PASSED [ 38%]
tests/test_brain_package.py::TestBrainPackageLoad::test_metadata_version PASSED [ 39%]
tests/test_brain_package.py::TestBrainPackageLoad::test_metadata_brain_id PASSED [ 40%]
tests/test_brain_package.py::TestBrainPackageLoad::test_load_missing_dir_raises FAILED [ 40%]
tests/test_brain_package.py::TestBrainPackageValidation::test_required_files_present PASSED [ 41%]
tests/test_brain_package.py::TestBrainPackageValidation::test_required_dirs_present PASSED [ 42%]
tests/test_cli_integration.py::TestCliList::test_list_exit_code_zero ERROR [ 42%]
tests/test_cli_integration.py::TestCliList::test_list_output_contains_brain_name ERROR [ 43%]
tests/test_cli_integration.py::TestCliStatus::test_status_exit_code ERROR [ 44%]
tests/test_cli_integration.py::TestCliSwap::test_swap_existing_brain ERROR [ 44%]
tests/test_cli_integration.py::TestCliSwap::test_swap_nonexistent_brain_fails ERROR [ 45%]
tests/test_phase1_integration.py::TestPhase1FullFlow::test_clone_and_load_flow PASSED [ 46%]
tests/test_phase1_integration.py::TestPhase1FullFlow::test_list_after_clone PASSED [ 46%]
tests/test_phase1_integration.py::TestPhase1FullFlow::test_multiple_brains_in_bank PASSED [ 47%]
tests/test_phase1_integration.py::TestPhase1FullFlow::test_load_and_verify_active_metadata PASSED [ 48%]
tests/test_phase_1_final.py::TestPhase1ModuleImports::test_module_importable[sba] PASSED [ 48%]
tests/test_phase_1_final.py::TestPhase1ModuleImports::test_module_importable[sba.brain.brain_package] PASSED [ 49%]
tests/test_phase_1_final.py::TestPhase1ModuleImports::test_module_importable[sba.brain.blank_template] PASSED [ 50%]
tests/test_phase_1_final.py::TestPhase1ModuleImports::test_module_importable[sba.brain.brain_manager] PASSED [ 51%]
tests/test_phase_1_final.py::TestPhase1ModuleImports::test_module_importable[sba.cli.brain_cmds] PASSED [ 51%]
tests/test_phase_1_final.py::TestPhase1CLICommands::test_brain_cmds_app_is_typer PASSED [ 52%]
tests/test_phase_1_final.py::TestPhase1CLICommands::test_swap_command_registered PASSED [ 53%]
tests/test_phase_1_final.py::TestPhase1CLICommands::test_load_command_registered PASSED [ 53%]
tests/test_phase_1_final.py::TestPhase1CLICommands::test_list_command_registered PASSED [ 54%]
tests/test_phase_1_final.py::TestPhase1CLICommands::test_export_command_registered PASSED [ 55%]
tests/test_phase_1_final.py::TestPhase1BrainBankConcept::test_blank_template_class_exists PASSED [ 55%]
tests/test_phase_1_final.py::TestPhase1BrainBankConcept::test_brain_manager_class_exists PASSED [ 56%]
tests/test_phase_1_final.py::TestPhase1BrainBankConcept::test_brain_package_class_exists PASSED [ 57%]
tests/test_phase_1_final.py::TestPhase1BrainBankConcept::test_brain_manager_error_class_exists PASSED [ 57%]
tests/unit/test_brain_package.py::TestBrainPackageFactory::test_create_blank_returns_brain_package PASSED [ 58%]
tests/unit/test_brain_package.py::TestBrainPackageFactory::test_create_blank_directory_created PASSED [ 59%]
tests/unit/test_brain_package.py::TestBrainPackageFactory::test_create_blank_metadata_is_blank_template PASSED [ 60%]
tests/unit/test_brain_package.py::TestBrainPackageFactory::test_from_directory_round_trip PASSED [ 60%]
tests/unit/test_brain_package.py::TestBrainPackageFactory::test_convenience_functions PASSED [ 61%]
tests/unit/test_brain_package.py::TestBrainPackageStructure::test_is_complete_true_after_save_all PASSED [ 62%]
tests/unit/test_brain_package.py::TestBrainPackageStructure::test_is_complete_false_when_missing_file PASSED [ 62%]
tests/unit/test_brain_package.py::TestBrainPackageStructure::test_get_missing_components_empty_on_complete PASSED [ 63%]
tests/unit/test_brain_package.py::TestBrainPackageStructure::test_ensure_structure_creates_dirs_and_db PASSED [ 64%]
tests/unit/test_brain_package.py::TestBrainMetadata::test_version_format_valid PASSED [ 64%]
tests/unit/test_brain_package.py::TestBrainMetadata::test_version_format_invalid_raises PASSED [ 65%]
tests/unit/test_brain_package.py::TestBrainMetadata::test_source_locked_to_sba PASSED [ 66%]
tests/unit/test_brain_package.py::TestBrainMetadata::test_brain_id_auto_generated PASSED [ 66%]
tests/unit/test_brain_package.py::TestBrainMetadata::test_is_blank_template_false_when_domain_set PASSED [ 67%]
tests/unit/test_brain_package.py::TestSelfEval::test_get_avg_density_empty PASSED [ 68%]
tests/unit/test_brain_package.py::TestSelfEval::test_get_avg_density_calculation PASSED [ 68%]
tests/unit/test_brain_package.py::TestSelfEval::test_get_weak_subskills_threshold_06 PASSED [ 69%]
tests/unit/test_brain_package.py::TestSelfEval::test_subskill_score_weak_flag_auto_set PASSED [ 70%]
tests/unit/test_brain_package.py::TestSubSkillManifest::test_unique_id_validation_passes PASSED [ 71%]
tests/unit/test_brain_package.py::TestSubSkillManifest::test_duplicate_id_raises PASSED [ 71%]
tests/unit/test_brain_package.py::TestSubSkillManifest::test_get_subskill_by_id PASSED [ 72%]
tests/unit/test_brain_package.py::TestSubSkillManifest::test_get_subskill_missing_returns_none PASSED [ 73%]
tests/unit/test_brain_package.py::TestBrainPackageValidate::test_validate_passes_on_complete_brain PASSED [ 73%]
tests/unit/test_brain_package.py::TestBrainPackageValidate::test_validate_fails_on_blank_brain_without_domain PASSED [ 74%]
tests/unit/test_brain_package.py::TestBrainPackageValidate::test_validate_detects_eval_subskill_mismatch PASSED [ 75%]
tests/unit/test_brain_package.py::TestBrainPackageValidate::test_get_brain_info_returns_expected_keys PASSED [ 75%]
tests/unit/test_engine_router.py::TestEngineRouterRouting::test_code_task_routes_to_tier3 PASSED [ 76%]
tests/unit/test_engine_router.py::TestEngineRouterRouting::test_long_text_routes_to_tier2_when_quota_available PASSED [ 77%]
tests/unit/test_engine_router.py::TestEngineRouterRouting::test_long_text_falls_back_to_tier1_when_tier2_quota_low PASSED [ 77%]
tests/unit/test_engine_router.py::TestEngineRouterRouting::test_tier1_wait_timeout_falls_back_to_tier2 PASSED [ 78%]
tests/unit/test_engine_router.py::TestEngineRouterRouting::test_default_task_routes_to_tier1 PASSED [ 79%]
tests/unit/test_engine_router.py::TestEngineRouterRouting::test_tier3_error_falls_back_to_tier1 PASSED [ 80%]
tests/unit/test_engine_router.py::TestEngineRouterRouting::test_tier2_error_falls_back_to_tier1 PASSED [ 80%]
tests/unit/test_engine_router.py::TestEngineRouterRouting::test_force_tier1 PASSED [ 81%]
tests/unit/test_engine_router.py::TestVramGuard::test_acquire_sets_current_model PASSED [ 82%]
tests/unit/test_engine_router.py::TestVramGuard::test_lock_is_released_after_context PASSED [ 82%]
tests/unit/test_engine_router.py::TestVramGuard::test_incompatible_models_trigger_unload PASSED [ 83%]
tests/unit/test_engine_router.py::TestVramGuard::test_same_engine_no_unload PASSED [ 84%]
tests/unit/test_engine_router.py::TestVramGuard::test_unknown_engine_raises_value_error PASSED [ 84%]
tests/unit/test_engine_router.py::TestVramGuard::test_vram_status_after_acquire PASSED [ 85%]
tests/unit/test_experiment_engine.py::TestExperimentEngineHypothesis::test_hypothesis_generation PASSED [ 86%]
tests/unit/test_experiment_engine.py::TestExperimentEngineHypothesis::test_experiment_type_selection PASSED [ 86%]
tests/unit/test_experiment_engine.py::TestExperimentRunnerA::test_experiment_a_success PASSED [ 87%]
tests/unit/test_experiment_engine.py::TestSandboxExecutor::test_code_generation_and_execution PASSED [ 88%]
tests/unit/test_experiment_engine.py::TestSandboxExecutor::test_sandbox_timeout_protection PASSED [ 88%]
tests/unit/test_experiment_engine.py::TestExperimentIntegration::test_full_experiment_cycle PASSED [ 89%]
tests/unit/test_inference.py::test_router_routes_code_tasks_to_tier3 PASSED [ 90%]
tests/unit/test_inference.py::test_router_routes_long_text_to_tier2_when_quota_available PASSED [ 91%]
tests/unit/test_inference.py::test_router_falls_back_to_tier1_when_tier2_quota_is_low PASSED [ 91%]
tests/unit/test_inference.py::test_router_dispatches_to_selected_engine PASSED [ 92%]
tests/unit/test_inference.py::test_vram_guard_blocks_incompatible_models PASSED [ 93%]
tests/unit/test_inference.py::test_vram_guard_unloads_ollama_before_whisper PASSED [ 93%]
tests/unit/test_learning_loop.py::TestLearningLoopStep1::test_gap_detection_success PASSED [ 94%]
tests/unit/test_learning_loop.py::TestLearningLoopStep1::test_gap_detection_failure_handling PASSED [ 95%]
tests/unit/test_learning_loop.py::TestLearningLoopStep4::test_experiment_design_called PASSED [ 95%]
tests/unit/test_learning_loop.py::TestLearningLoopStep6::test_self_evaluation_updated PASSED [ 96%]
tests/unit/test_learning_loop.py::TestLearningLoopStep6::test_self_evaluation_empty_subskills PASSED [ 97%]
tests/unit/test_learning_loop.py::TestLearningLoopCycleCompletion::test_single_cycle_completion PASSED [ 97%]
tests/unit/test_learning_loop.py::TestLearningLoopCycleCompletion::test_cycle_result_has_cycle_id PASSED [ 98%]
tests/unit/test_storage.py::test_store_query_and_duplicate_detection PASSED [ 99%]
tests/unit/test_storage.py::test_mark_deprecated_and_review_flags PASSED [100%]

=================================== ERRORS ====================================
___________ ERROR at setup of TestCliList.test_list_exit_code_zero ____________
tests\test_cli_integration.py:83: in patch_config
    class MockConfig:
tests\test_cli_integration.py:85: in MockConfig
    active = active
             ^^^^^^
E   NameError: name 'active' is not defined
_____ ERROR at setup of TestCliList.test_list_output_contains_brain_name ______
tests\test_cli_integration.py:83: in patch_config
    class MockConfig:
tests\test_cli_integration.py:85: in MockConfig
    active = active
             ^^^^^^
E   NameError: name 'active' is not defined
____________ ERROR at setup of TestCliStatus.test_status_exit_code ____________
tests\test_cli_integration.py:83: in patch_config
    class MockConfig:
tests\test_cli_integration.py:85: in MockConfig
    active = active
             ^^^^^^
E   NameError: name 'active' is not defined
___________ ERROR at setup of TestCliSwap.test_swap_existing_brain ____________
tests\test_cli_integration.py:83: in patch_config
    class MockConfig:
tests\test_cli_integration.py:85: in MockConfig
    active = active
             ^^^^^^
E   NameError: name 'active' is not defined
_______ ERROR at setup of TestCliSwap.test_swap_nonexistent_brain_fails _______
tests\test_cli_integration.py:83: in patch_config
    class MockConfig:
tests\test_cli_integration.py:85: in MockConfig
    active = active
             ^^^^^^
E   NameError: name 'active' is not defined
================================== FAILURES ===================================
______________ TestBrainPackageLoad.test_load_missing_dir_raises ______________
tests\test_brain_package.py:103: in test_load_missing_dir_raises
    with pytest.raises(Exception):
E   Failed: DID NOT RAISE <class 'Exception'>
=========================== short test summary info ===========================
FAILED tests/test_brain_package.py::TestBrainPackageLoad::test_load_missing_dir_raises - Failed: DID NOT RAISE <class 'Exception'>
ERROR tests/test_cli_integration.py::TestCliList::test_list_exit_code_zero - NameError: name 'active' is not defined
ERROR tests/test_cli_integration.py::TestCliList::test_list_output_contains_brain_name - NameError: name 'active' is not defined
ERROR tests/test_cli_integration.py::TestCliStatus::test_status_exit_code - NameError: name 'active' is not defined
ERROR tests/test_cli_integration.py::TestCliSwap::test_swap_existing_brain - NameError: name 'active' is not defined
ERROR tests/test_cli_integration.py::TestCliSwap::test_swap_nonexistent_brain_fails - NameError: name 'active' is not defined
================== 1 failed, 139 passed, 5 errors in 21.84s ===================
